2024-05-09 00:03:22,715 [INFO] McuFinderGlobals:63 - Set McuFinder mode to 2 (CubeIDE integrated)
2024-05-09 00:03:24,984 [INFO] MainUpdater:2873 - connection check result : 10
2024-05-09 00:03:24,987 [INFO] MainUpdater:2873 - connection check result : 10
2024-05-09 00:03:26,156 [INFO] MicroXplorer:468 - Change Database Path : 
2024-05-09 00:03:26,157 [INFO] MicroXplorer:498 - Change Database Version : DB.6.0.111
2024-05-09 00:03:26,161 [WARN] ThirdParty:871 - waiting for thirdparty lock release [close project]
2024-05-09 00:03:26,161 [INFO] ThirdParty:873 - entering critical section [close project]
2024-05-09 00:03:26,165 [INFO] ThirdParty:883 - exiting critical section [close project]
2024-05-09 00:03:26,170 [INFO] PinOutPanel:1561 - setPackage(No Configuration,No Configuration)
2024-05-09 00:03:26,178 [INFO] UtilMem:75 - Begin LoadConfig() Used Memory: 550669056 Bytes (911212544)
2024-05-09 00:03:26,180 [INFO] MicroXplorer:468 - Change Database Path : 
2024-05-09 00:03:26,180 [INFO] MicroXplorer:498 - Change Database Version : DB.6.0.111
2024-05-09 00:03:26,180 [INFO] OpenFileManager:312 - Change cursor
2024-05-09 00:03:26,254 [INFO] Mcu:2021 - Initializing MCU STM32F103R(8-B)Tx STM32F103R8Tx STM32F103R8T6
2024-05-09 00:03:27,164 [INFO] Context:663 - Trying to add GPIOservice into a context  which must be forbidden
2024-05-09 00:03:27,943 [INFO] RtosManager:555 - Registered RTOS mode: class=CMSIS, group=RTOS, mode=CMSIS_V1, owner=FREERTOS
2024-05-09 00:03:27,945 [INFO] RtosManager:555 - Registered RTOS mode: class=CMSIS, group=RTOS2, mode=CMSIS_V2, owner=FREERTOS
2024-05-09 00:03:27,946 [INFO] RtosManager:555 - Registered RTOS mode: class=RTOS, group=Core, mode=CMSIS_V1, owner=FREERTOS
2024-05-09 00:03:27,946 [INFO] RtosManager:555 - Registered RTOS mode: class=RTOS, group=Core, mode=CMSIS_V2, owner=FREERTOS
2024-05-09 00:03:27,948 [WARN] ModelIntegratedComponent:184 - Missing modes for component STMicroelectronics:FreeRTOS:0.0.1:STMicroelectronics:RTOS:FreeRTOS:Core:::10.2.0:
2024-05-09 00:03:27,987 [WARN] ModelIntegratedComponent:63 - No mode defined for component null
2024-05-09 00:03:27,988 [WARN] ModelIntegratedComponent:63 - No mode defined for component null
2024-05-09 00:03:27,988 [WARN] ModelIntegratedComponent:63 - No mode defined for component null
2024-05-09 00:03:27,988 [WARN] ModelIntegratedComponent:63 - No mode defined for component null
2024-05-09 00:03:27,988 [WARN] ModelIntegratedComponent:63 - No mode defined for component null
2024-05-09 00:03:27,988 [WARN] ModelIntegratedComponent:63 - No mode defined for component null
2024-05-09 00:03:27,989 [WARN] ModelIntegratedComponent:63 - No mode defined for component null
2024-05-09 00:03:27,989 [WARN] ModelIntegratedComponent:63 - No mode defined for component null
2024-05-09 00:03:27,989 [WARN] ModelIntegratedComponent:63 - No mode defined for component null
2024-05-09 00:03:27,989 [WARN] ModelIntegratedComponent:63 - No mode defined for component null
2024-05-09 00:03:27,989 [WARN] ModelIntegratedComponent:63 - No mode defined for component null
2024-05-09 00:03:27,989 [WARN] ModelIntegratedComponent:63 - No mode defined for component null
2024-05-09 00:03:27,989 [WARN] ModelIntegratedComponent:63 - No mode defined for component null
2024-05-09 00:03:27,989 [WARN] ModelIntegratedComponent:63 - No mode defined for component null
2024-05-09 00:03:27,989 [WARN] ModelIntegratedComponent:63 - No mode defined for component null
2024-05-09 00:03:27,989 [WARN] ModelIntegratedComponent:63 - No mode defined for component null
2024-05-09 00:03:27,989 [WARN] ModelIntegratedComponent:63 - No mode defined for component null
2024-05-09 00:03:27,989 [WARN] ModelIntegratedComponent:63 - No mode defined for component null
2024-05-09 00:03:27,989 [WARN] ModelIntegratedComponent:63 - No mode defined for component null
2024-05-09 00:03:27,989 [WARN] ModelIntegratedComponent:63 - No mode defined for component null
2024-05-09 00:03:27,990 [WARN] ModelIntegratedComponent:63 - No mode defined for component null
2024-05-09 00:03:27,990 [WARN] ModelIntegratedComponent:63 - No mode defined for component null
2024-05-09 00:03:27,990 [WARN] ModelIntegratedComponent:63 - No mode defined for component null
2024-05-09 00:03:27,990 [WARN] ModelIntegratedComponent:63 - No mode defined for component null
2024-05-09 00:03:27,990 [WARN] ModelIntegratedComponent:63 - No mode defined for component null
2024-05-09 00:03:27,990 [WARN] ModelIntegratedComponent:63 - No mode defined for component null
2024-05-09 00:03:27,990 [WARN] ModelIntegratedComponent:63 - No mode defined for component null
2024-05-09 00:03:27,990 [WARN] ModelIntegratedComponent:63 - No mode defined for component null
2024-05-09 00:03:27,990 [WARN] ModelIntegratedComponent:63 - No mode defined for component null
2024-05-09 00:03:27,990 [WARN] ModelIntegratedComponent:63 - No mode defined for component null
2024-05-09 00:03:27,990 [WARN] ModelIntegratedComponent:63 - No mode defined for component null
2024-05-09 00:03:27,990 [WARN] ModelIntegratedComponent:63 - No mode defined for component null
2024-05-09 00:03:27,990 [WARN] ModelIntegratedComponent:63 - No mode defined for component null
2024-05-09 00:03:27,990 [WARN] ModelIntegratedComponent:63 - No mode defined for component null
2024-05-09 00:03:28,165 [INFO] ThirdPartyModel:298 - Start build external matchings
2024-05-09 00:03:28,357 [INFO] ThirdPartyModel:316 - End build external matchings
2024-05-09 00:03:29,101 [INFO] ApiDb:581 - Connected to CubeFinder SQLite database (/Users/yuksehyun/.stmcufinder/plugins/mcufinder/mcu/cube-finder-db.db)
2024-05-09 00:03:29,180 [INFO] ApiDb:668 - CubeFinder database Data Model version=2.1
2024-05-09 00:03:29,180 [INFO] ApiDb:669 - CubeFinder database Configuration version=3.0.39
2024-05-09 00:03:29,189 [INFO] ApiDb:670 - CubeFinder database generation date=2024-04-16 (1713193726)
2024-05-09 00:03:29,189 [INFO] ApiDb:671 - CubeFinder database FW Pack versions=[FP-ATR-ASTRA1_V2.0.0, FP-SNS-FLIGHT1_V5.0.1, FP-SNS-FLIGHT1_V5.0.2, FP-SNS-MOTENV1_V4.3.1, FP-SNS-MOTENV1_V4.3.2, FP-SNS-MOTENVWB1_V1.3.1, FP-SNS-SMARTAG2_V1.2.0, STM32Cube_FW_C0_V1.1.0, STM32Cube_FW_F4_V1.28.0, STM32Cube_FW_F7_V1.17.0, STM32Cube_FW_G0_V1.6.2, STM32Cube_FW_G4_V1.5.2, STM32Cube_FW_H5_V0.5.1, STM32Cube_FW_H5_V1.1.1, STM32Cube_FW_H5_V1.2.0, STM32Cube_FW_H5_V1.2.0RC4, STM32Cube_FW_H7RS_V1.0.0, STM32Cube_FW_H7RS_V1.0.0RC4, STM32Cube_FW_H7_V1.11.0, STM32Cube_FW_L0_V1.12.2, STM32Cube_FW_L5_V1.5.1, STM32Cube_FW_U0_V1.0.0, STM32Cube_FW_U0_V1.0.0RC1, STM32Cube_FW_U5_V1.3.0RC4, STM32Cube_FW_U5_V1.5.0, STM32Cube_FW_U5_V1.5.0RC1, STM32Cube_FW_WBA_V1.0.0RC1, STM32Cube_FW_WBA_V1.2.0, STM32Cube_FW_WBA_V1.2.0RC2, STM32Cube_FW_WBA_V1.3.0, STM32Cube_FW_WBA_V1.3.0RC1, STM32Cube_FW_WB_V1.15.0RC1, STM32Cube_FW_WB_V1.16.0, STM32Cube_FW_WB_V1.16.0RC2, STM32Cube_FW_WB_V1.18.0, STM32Cube_FW_WB_V1.19.0, STM32Cube_FW_WL_V1.3.0, X-CUBE-ALGOBUILD_V1.3.0, X-CUBE-ALS_V1.0.1, X-CUBE-AZRTOS-F4_V1.1.0, X-CUBE-AZRTOS-F7_V1.1.0, X-CUBE-AZRTOS-G0_V1.1.0, X-CUBE-AZRTOS-G4_V2.0.0, X-CUBE-AZRTOS-H7_V3.2.0, X-CUBE-AZRTOS-L4_V1.0.0, X-CUBE-AZRTOS-L4_V2.0.0, X-CUBE-AZRTOS-L5_V1.1.0, X-CUBE-AZRTOS-WB_V2.0.0, X-CUBE-AZRTOS-WL_V2.0.0, X-CUBE-BLE1_V7.0.0, X-CUBE-BLE2_V3.3.0, X-CUBE-BLEMGR_V3.1.0, X-CUBE-EEPRMA1_V4.1.0, X-CUBE-EEPRMA1_V5.1.0, X-CUBE-FREERTOS_V1.1.0, X-CUBE-GNSS1_V6.0.0, X-CUBE-MEMS1_V10.0.0, X-CUBE-MEMS1_V9.1.0, X-CUBE-MEMS1_V9.4.0, X-CUBE-MEMS1_V9.6.0, X-CUBE-NFC4_V3.0.0, X-CUBE-NFC7_V1.0.1, X-CUBE-SFXS2LP1_V4.0.0, X-CUBE-SUBG2_V5.0.0, X-CUBE-TOF1_V3.4.0]
2024-05-09 00:03:29,282 [INFO] DbBoardsSqlite:226 - include board P-NUCLEO-WB55-NUCLEO as a kit item of type 'Nucleo-64'
2024-05-09 00:03:29,283 [INFO] DbBoardsSqlite:226 - include board P-NUCLEO-WB55-USBDONGLE as a kit item of type 'Nucleo USB Dongle'
2024-05-09 00:03:29,284 [INFO] DbBoardsSqlite:226 - include board STEVAL-IDP005V1 as a kit item of type 'Evaluation Board'
2024-05-09 00:03:29,284 [INFO] DbBoardsSqlite:226 - include board STEVAL-IDP005V2 as a kit item of type 'Evaluation Board'
2024-05-09 00:03:29,397 [INFO] ApiDb:240 - Found 483 in-development CPN: [B-G473E-ZEST1S, B-WB1M-WPAN1, B-WL5M-SUBG1, NUCLEO-C031C6, NUCLEO-H503RB, NUCLEO-H533RE, NUCLEO-H563ZI, NUCLEO-H7S3L8, NUCLEO-U031R8, NUCLEO-U083RC, NUCLEO-U545RE-Q, NUCLEO-U5A5ZJ-Q, NUCLEO-WBA52CG, NUCLEO-WBA55CG, STEVAL-PROTEUS1, STEVAL-SMARTAG2, STEVAL-STWINBX1, STM320518-EVAL, STM32C0116-DK, STM32C011D6Y3TR, STM32C011D6Y6TR, STM32C011F4P3, STM32C011F4P6, STM32C011F4U3, STM32C011F4U6TR, STM32C011F6P3, STM32C011F6P6, STM32C011F6U3, STM32C011F6U6TR, STM32C011J4M3, STM32C011J4M6, STM32C011J6M3, STM32C011J6M6, STM32C0316-DK, STM32C031C4T3, STM32C031C4T6, STM32C031C4U3, STM32C031C4U6, STM32C031C6T3, STM32C031C6T6, STM32C031C6U3, STM32C031C6U6, STM32C031F4P3, STM32C031F4P6, STM32C031F6P3, STM32C031F6P6, STM32C031G4U3, STM32C031G4U6, STM32C031G6U3, STM32C031G6U6, STM32C031K4T3, STM32C031K4T6, STM32C031K4U3, STM32C031K4U6, STM32C031K6T3, STM32C031K6T6, STM32C031K6U3, STM32C031K6U6, STM32G071K8TXN, STM32G071K8UXN, STM32G081GBU6N, STM32G081KBT6N, STM32G081KBUXN, STM32G0B1CCT6N, STM32G0B1KCT6, STM32G0B1NEY6TR, STM32G0B1RCT6N, STM32G0C1CCT6, STM32G0C1CCT6N, STM32G0C1CCU6N, STM32G0C1CET6N, STM32G0C1CEU6N, STM32G0C1KCT6, STM32G0C1NEY6TR, STM32G0C1RCI6N, STM32G0C1RCT6N, STM32G0C1REI6N, STM32G0C1RET6N, STM32G0C1VCI6, STM32G0C1VEI6, STM32G471CCT6, STM32G471CCU6, STM32G471CET3, STM32G471CET6, STM32G471CEU3, STM32G471CEU6, STM32G471MCT6, STM32G471MET3, STM32G471MET6, STM32G471MEY6TR, STM32G471QCT6, STM32G471QET3, STM32G471RCT6, STM32G471RET3, STM32G471RET6, STM32G471VCH6, STM32G471VCI6, STM32G471VCT6, STM32G471VEH3, STM32G471VEH6, STM32G471VEI3, STM32G471VEI6, STM32G471VET3, STM32G471VET6, STM32G474CCT6, STM32H503CBT6, STM32H503CBU6, STM32H503EBY6TR, STM32H503KBU6, STM32H503RBT6, STM32H523CCT6, STM32H523CCU6, STM32H523CET6, STM32H523CEU6, STM32H523HEY6TR, STM32H523RCT6, STM32H523RET6, STM32H523VCI6, STM32H523VCT6, STM32H523VEI6, STM32H523VET6, STM32H523ZCJ6, STM32H523ZCT6, STM32H523ZEJ6, STM32H523ZET6, STM32H533CET6, STM32H533CEU6, STM32H533HEY6TR, STM32H533RET6, STM32H533VEI6, STM32H533VET6, STM32H533ZEJ6, STM32H533ZET6, STM32H562AGI6, STM32H562AII6, STM32H562IGK6, STM32H562IGT6, STM32H562IIK6, STM32H562IIT6, STM32H562RGT6, STM32H562RGV6, STM32H562RIT6, STM32H562RIV6, STM32H562VGT6, STM32H562VIT6, STM32H562ZGT6, STM32H562ZIT6, STM32H563AGI6, STM32H563AII3Q, STM32H563AII6, STM32H563IGK6, STM32H563IGT6, STM32H563IIK3Q, STM32H563IIK6, STM32H563IIT3Q, STM32H563IIT6, STM32H563MIY3QTR, STM32H563RGT6, STM32H563RGV6, STM32H563RIT6, STM32H563RIV6, STM32H563VGT6, STM32H563VIT3Q, STM32H563VIT6, STM32H563ZGT6, STM32H563ZIT3Q, STM32H563ZIT6, STM32H573AII3Q, STM32H573AII6, STM32H573I-DK, STM32H573IIK3Q, STM32H573IIK6, STM32H573IIT3Q, STM32H573IIT6, STM32H573MIY3QTR, STM32H573RIT6, STM32H573RIV6, STM32H573VIT3Q, STM32H573VIT6, STM32H573ZIT3Q, STM32H573ZIT6, STM32H7R3A8I6, STM32H7R3I8K6, STM32H7R3I8T6, STM32H7R3L8H6, STM32H7R3L8H6H, STM32H7R3R8V6, STM32H7R3V8H6, STM32H7R3V8T6, STM32H7R3V8Y6, STM32H7R3Z8J6, STM32H7R3Z8T6, STM32H7R7A8I6, STM32H7R7I8K6, STM32H7R7I8T6, STM32H7R7L8H6, STM32H7R7L8H6H, STM32H7R7Z8J6, STM32H7S3A8I6, STM32H7S3I8K6, STM32H7S3I8T6, STM32H7S3L8H6, STM32H7S3L8H6H, STM32H7S3R8V6, STM32H7S3V8H6, STM32H7S3V8T6, STM32H7S3V8Y6, STM32H7S3Z8J6, STM32H7S3Z8T6, STM32H7S78-DK, STM32H7S7A8I6, STM32H7S7I8K6, STM32H7S7I8T6, STM32H7S7L8H6, STM32H7S7L8H6H, STM32H7S7Z8J6, STM32L4R5QGI6STR, STM32MP131AAE3, STM32MP131AAF3, STM32MP131AAG3, STM32MP131CAE3, STM32MP131CAF3, STM32MP131CAG3, STM32MP131DAE7, STM32MP131DAF7, STM32MP131DAG7, STM32MP131FAE7, STM32MP131FAF7, STM32MP131FAG7, STM32MP133AAE3, STM32MP133AAF3, STM32MP133AAG3, STM32MP133CAE3, STM32MP133CAF3, STM32MP133CAG3, STM32MP133DAE7, STM32MP133DAF7, STM32MP133DAG7, STM32MP133FAE7, STM32MP133FAF7, STM32MP133FAG7, STM32MP135AAE3, STM32MP135AAF3, STM32MP135AAG3, STM32MP135CAE3, STM32MP135CAF3, STM32MP135CAG3, STM32MP135DAE7, STM32MP135DAF7, STM32MP135DAG7, STM32MP135F-DK, STM32MP135FAE7, STM32MP135FAF7, STM32MP135FAF7T, STM32MP135FAF7U, STM32MP135FAG7, STM32U031C6T6, STM32U031C6U6, STM32U031C8T6, STM32U031C8U6, STM32U031F4P6, STM32U031F6P6, STM32U031F8P6, STM32U031G6Y6TR, STM32U031G8Y6TR, STM32U031K4U6, STM32U031K6U6, STM32U031K8U6, STM32U031R6I6, STM32U031R6T6, STM32U031R8I6, STM32U031R8T6, STM32U073C8T6, STM32U073C8U6, STM32U073CBT6, STM32U073CBU6, STM32U073CCT6, STM32U073CCU6, STM32U073H8Y6TR, STM32U073HBY6TR, STM32U073HCY6TR, STM32U073K8U6, STM32U073KBU6, STM32U073KCU6, STM32U073M8I6, STM32U073M8T6, STM32U073MBI6, STM32U073MBT6, STM32U073MCI6, STM32U073MCT6, STM32U073R8I6, STM32U073R8T6, STM32U073RBI6, STM32U073RBT6, STM32U073RCI6, STM32U073RCT6, STM32U083C-DK, STM32U083CCT6, STM32U083CCU6, STM32U083HCY6TR, STM32U083KCU6, STM32U083MCI6, STM32U083MCT6, STM32U083RCI6, STM32U083RCT6, STM32U535CBT6, STM32U535CBT6Q, STM32U535CBU6, STM32U535CBU6Q, STM32U535CCT6, STM32U535CCT6Q, STM32U535CCU6, STM32U535CCU6Q, STM32U535CET6, STM32U535CET6Q, STM32U535CEU6, STM32U535CEU6Q, STM32U535JEY6QTR, STM32U535NCY6QTR, STM32U535NEY6QTR, STM32U535RBI6, STM32U535RBI6Q, STM32U535RBT6, STM32U535RBT6Q, STM32U535RCI6, STM32U535RCI6Q, STM32U535RCT6, STM32U535RCT6Q, STM32U535REI6, STM32U535REI6Q, STM32U535RET6, STM32U535RET6Q, STM32U535VCI6, STM32U535VCI6Q, STM32U535VCT6, STM32U535VCT6Q, STM32U535VEI6, STM32U535VEI6Q, STM32U535VET6, STM32U535VET6Q, STM32U545CET6, STM32U545CET6Q, STM32U545CEU6, STM32U545CEU6Q, STM32U545JEY6QTR, STM32U545NEY6QTR, STM32U545REI6, STM32U545REI6Q, STM32U545RET6, STM32U545RET6Q, STM32U545VEI6, STM32U545VEI6Q, STM32U545VET6, STM32U545VET6Q, STM32U595AIH6, STM32U595AIH6Q, STM32U595AJH6, STM32U595AJH6Q, STM32U595QII6, STM32U595QII6Q, STM32U595QJI6, STM32U595QJI6Q, STM32U595RIT6, STM32U595RIT6Q, STM32U595RJT6, STM32U595RJT6Q, STM32U595VIT6, STM32U595VIT6Q, STM32U595VJT6, STM32U595VJT6Q, STM32U595ZIT6, STM32U595ZIT6Q, STM32U595ZIY6QTR, STM32U595ZJT6, STM32U595ZJT6Q, STM32U595ZJY6QTR, STM32U599BJY6QTR, STM32U599NIH6Q, STM32U599NJH6Q, STM32U599VIT6Q, STM32U599VJT6, STM32U599VJT6Q, STM32U599ZIT6Q, STM32U599ZIY6QTR, STM32U599ZJT6Q, STM32U599ZJY6QTR, STM32U5A5AJH6, STM32U5A5AJH6Q, STM32U5A5QII3Q , STM32U5A5QJI6, STM32U5A5QJI6Q, STM32U5A5RJT6, STM32U5A5RJT6Q, STM32U5A5VJT6, STM32U5A5VJT6Q, STM32U5A5ZJT6, STM32U5A5ZJT6Q, STM32U5A5ZJY6QTR, STM32U5A9BJY6QTR, STM32U5A9J-DK, STM32U5A9NJH6Q, STM32U5A9VJT6Q, STM32U5A9ZJT6Q, STM32U5A9ZJY6QTR, STM32U5F7VIT6, STM32U5F7VIT6Q, STM32U5F7VJT6, STM32U5F7VJT6Q, STM32U5F9BJY6QTR, STM32U5F9NJH6Q, STM32U5F9VIT6Q, STM32U5F9VJT6Q, STM32U5F9ZIJ6QTR, STM32U5F9ZIT6Q, STM32U5F9ZJJ6QTR, STM32U5F9ZJT6Q, STM32U5G7VJT6, STM32U5G7VJT6Q, STM32U5G9BJY6QTR, STM32U5G9J-DK1, STM32U5G9J-DK2, STM32U5G9NJH6Q, STM32U5G9VJT6Q, STM32U5G9ZJJ6QTR, STM32U5G9ZJT6Q, STM32WB1MMCH6, STM32WBA50KEU6, STM32WBA50KEU6TR, STM32WBA50KGU6, STM32WBA50KGU6TR, STM32WBA52CEU6, STM32WBA52CEU6TR, STM32WBA52CEU7, STM32WBA52CEU7TR, STM32WBA52CGU6, STM32WBA52CGU6TR, STM32WBA52CGU6U, STM32WBA52CGU7, STM32WBA52CGU7TR, STM32WBA52KEU6, STM32WBA52KEU6TR, STM32WBA52KGU6, STM32WBA52KGU6TR, STM32WBA54CEU6, STM32WBA54CEU6TR, STM32WBA54CEU7, STM32WBA54CEU7TR, STM32WBA54CGU6, STM32WBA54CGU6TR, STM32WBA54CGU7, STM32WBA54CGU7TR, STM32WBA54KEU6, STM32WBA54KEU6TR, STM32WBA54KEU7, STM32WBA54KEU7TR, STM32WBA54KGU6, STM32WBA54KGU6TR, STM32WBA54KGU7, STM32WBA54KGU7TR, STM32WBA55CEU6, STM32WBA55CEU6TR, STM32WBA55CEU7, STM32WBA55CEU7TR, STM32WBA55CGU6, STM32WBA55CGU6TR, STM32WBA55CGU6U, STM32WBA55CGU7, STM32WBA55CGU7TR, STM32WBA55G-DK1, STM32WBA55HEF6, STM32WBA55HEF7, STM32WBA55HGF6, STM32WBA55HGF7, STM32WBA55UEI6, STM32WBA55UEI6TR, STM32WBA55UEI7, STM32WBA55UEI7TR, STM32WBA55UGI6, STM32WBA55UGI6TR, STM32WBA55UGI7, STM32WBA55UGI7TR, STM32WL5MOCH6, STM32WL5MOCH6TR]
2024-05-09 00:03:29,543 [INFO] BoardInfo:889 - No configuration file found for board P-NUCLEO-WB55
2024-05-09 00:03:29,547 [INFO] DbBoards:161 - Kit is not supported: P-NUCLEO-WB55
2024-05-09 00:03:29,552 [INFO] BoardInfo:889 - No configuration file found for board STEVAL-BFA001V1B
2024-05-09 00:03:29,552 [INFO] DbBoards:161 - Kit is not supported: STEVAL-BFA001V1B
2024-05-09 00:03:29,553 [INFO] BoardInfo:889 - No configuration file found for board STEVAL-BFA001V2B
2024-05-09 00:03:29,554 [INFO] DbBoards:161 - Kit is not supported: STEVAL-BFA001V2B
2024-05-09 00:03:29,664 [INFO] DbBoards:168 - Found 199 boards, 196 are supported
2024-05-09 00:03:29,664 [INFO] DbBoards:169 - Found 199 boards, 8 of them is supported for  Bsp
2024-05-09 00:03:29,675 [INFO] ApiDb:668 - CubeFinder database Data Model version=2.1
2024-05-09 00:03:29,675 [INFO] ApiDb:669 - CubeFinder database Configuration version=3.0.39
2024-05-09 00:03:29,676 [INFO] ApiDb:670 - CubeFinder database generation date=2024-04-16 (1713193726)
2024-05-09 00:03:29,677 [INFO] ApiDb:671 - CubeFinder database FW Pack versions=[FP-ATR-ASTRA1_V2.0.0, FP-SNS-FLIGHT1_V5.0.1, FP-SNS-FLIGHT1_V5.0.2, FP-SNS-MOTENV1_V4.3.1, FP-SNS-MOTENV1_V4.3.2, FP-SNS-MOTENVWB1_V1.3.1, FP-SNS-SMARTAG2_V1.2.0, STM32Cube_FW_C0_V1.1.0, STM32Cube_FW_F4_V1.28.0, STM32Cube_FW_F7_V1.17.0, STM32Cube_FW_G0_V1.6.2, STM32Cube_FW_G4_V1.5.2, STM32Cube_FW_H5_V0.5.1, STM32Cube_FW_H5_V1.1.1, STM32Cube_FW_H5_V1.2.0, STM32Cube_FW_H5_V1.2.0RC4, STM32Cube_FW_H7RS_V1.0.0, STM32Cube_FW_H7RS_V1.0.0RC4, STM32Cube_FW_H7_V1.11.0, STM32Cube_FW_L0_V1.12.2, STM32Cube_FW_L5_V1.5.1, STM32Cube_FW_U0_V1.0.0, STM32Cube_FW_U0_V1.0.0RC1, STM32Cube_FW_U5_V1.3.0RC4, STM32Cube_FW_U5_V1.5.0, STM32Cube_FW_U5_V1.5.0RC1, STM32Cube_FW_WBA_V1.0.0RC1, STM32Cube_FW_WBA_V1.2.0, STM32Cube_FW_WBA_V1.2.0RC2, STM32Cube_FW_WBA_V1.3.0, STM32Cube_FW_WBA_V1.3.0RC1, STM32Cube_FW_WB_V1.15.0RC1, STM32Cube_FW_WB_V1.16.0, STM32Cube_FW_WB_V1.16.0RC2, STM32Cube_FW_WB_V1.18.0, STM32Cube_FW_WB_V1.19.0, STM32Cube_FW_WL_V1.3.0, X-CUBE-ALGOBUILD_V1.3.0, X-CUBE-ALS_V1.0.1, X-CUBE-AZRTOS-F4_V1.1.0, X-CUBE-AZRTOS-F7_V1.1.0, X-CUBE-AZRTOS-G0_V1.1.0, X-CUBE-AZRTOS-G4_V2.0.0, X-CUBE-AZRTOS-H7_V3.2.0, X-CUBE-AZRTOS-L4_V1.0.0, X-CUBE-AZRTOS-L4_V2.0.0, X-CUBE-AZRTOS-L5_V1.1.0, X-CUBE-AZRTOS-WB_V2.0.0, X-CUBE-AZRTOS-WL_V2.0.0, X-CUBE-BLE1_V7.0.0, X-CUBE-BLE2_V3.3.0, X-CUBE-BLEMGR_V3.1.0, X-CUBE-EEPRMA1_V4.1.0, X-CUBE-EEPRMA1_V5.1.0, X-CUBE-FREERTOS_V1.1.0, X-CUBE-GNSS1_V6.0.0, X-CUBE-MEMS1_V10.0.0, X-CUBE-MEMS1_V9.1.0, X-CUBE-MEMS1_V9.4.0, X-CUBE-MEMS1_V9.6.0, X-CUBE-NFC4_V3.0.0, X-CUBE-NFC7_V1.0.1, X-CUBE-SFXS2LP1_V4.0.0, X-CUBE-SUBG2_V5.0.0, X-CUBE-TOF1_V3.4.0]
2024-05-09 00:03:30,908 [INFO] ApiDb:240 - Found 483 in-development CPN: [B-G473E-ZEST1S, B-WB1M-WPAN1, B-WL5M-SUBG1, NUCLEO-C031C6, NUCLEO-H503RB, NUCLEO-H533RE, NUCLEO-H563ZI, NUCLEO-H7S3L8, NUCLEO-U031R8, NUCLEO-U083RC, NUCLEO-U545RE-Q, NUCLEO-U5A5ZJ-Q, NUCLEO-WBA52CG, NUCLEO-WBA55CG, STEVAL-PROTEUS1, STEVAL-SMARTAG2, STEVAL-STWINBX1, STM320518-EVAL, STM32C0116-DK, STM32C011D6Y3TR, STM32C011D6Y6TR, STM32C011F4P3, STM32C011F4P6, STM32C011F4U3, STM32C011F4U6TR, STM32C011F6P3, STM32C011F6P6, STM32C011F6U3, STM32C011F6U6TR, STM32C011J4M3, STM32C011J4M6, STM32C011J6M3, STM32C011J6M6, STM32C0316-DK, STM32C031C4T3, STM32C031C4T6, STM32C031C4U3, STM32C031C4U6, STM32C031C6T3, STM32C031C6T6, STM32C031C6U3, STM32C031C6U6, STM32C031F4P3, STM32C031F4P6, STM32C031F6P3, STM32C031F6P6, STM32C031G4U3, STM32C031G4U6, STM32C031G6U3, STM32C031G6U6, STM32C031K4T3, STM32C031K4T6, STM32C031K4U3, STM32C031K4U6, STM32C031K6T3, STM32C031K6T6, STM32C031K6U3, STM32C031K6U6, STM32G071K8TXN, STM32G071K8UXN, STM32G081GBU6N, STM32G081KBT6N, STM32G081KBUXN, STM32G0B1CCT6N, STM32G0B1KCT6, STM32G0B1NEY6TR, STM32G0B1RCT6N, STM32G0C1CCT6, STM32G0C1CCT6N, STM32G0C1CCU6N, STM32G0C1CET6N, STM32G0C1CEU6N, STM32G0C1KCT6, STM32G0C1NEY6TR, STM32G0C1RCI6N, STM32G0C1RCT6N, STM32G0C1REI6N, STM32G0C1RET6N, STM32G0C1VCI6, STM32G0C1VEI6, STM32G471CCT6, STM32G471CCU6, STM32G471CET3, STM32G471CET6, STM32G471CEU3, STM32G471CEU6, STM32G471MCT6, STM32G471MET3, STM32G471MET6, STM32G471MEY6TR, STM32G471QCT6, STM32G471QET3, STM32G471RCT6, STM32G471RET3, STM32G471RET6, STM32G471VCH6, STM32G471VCI6, STM32G471VCT6, STM32G471VEH3, STM32G471VEH6, STM32G471VEI3, STM32G471VEI6, STM32G471VET3, STM32G471VET6, STM32G474CCT6, STM32H503CBT6, STM32H503CBU6, STM32H503EBY6TR, STM32H503KBU6, STM32H503RBT6, STM32H523CCT6, STM32H523CCU6, STM32H523CET6, STM32H523CEU6, STM32H523HEY6TR, STM32H523RCT6, STM32H523RET6, STM32H523VCI6, STM32H523VCT6, STM32H523VEI6, STM32H523VET6, STM32H523ZCJ6, STM32H523ZCT6, STM32H523ZEJ6, STM32H523ZET6, STM32H533CET6, STM32H533CEU6, STM32H533HEY6TR, STM32H533RET6, STM32H533VEI6, STM32H533VET6, STM32H533ZEJ6, STM32H533ZET6, STM32H562AGI6, STM32H562AII6, STM32H562IGK6, STM32H562IGT6, STM32H562IIK6, STM32H562IIT6, STM32H562RGT6, STM32H562RGV6, STM32H562RIT6, STM32H562RIV6, STM32H562VGT6, STM32H562VIT6, STM32H562ZGT6, STM32H562ZIT6, STM32H563AGI6, STM32H563AII3Q, STM32H563AII6, STM32H563IGK6, STM32H563IGT6, STM32H563IIK3Q, STM32H563IIK6, STM32H563IIT3Q, STM32H563IIT6, STM32H563MIY3QTR, STM32H563RGT6, STM32H563RGV6, STM32H563RIT6, STM32H563RIV6, STM32H563VGT6, STM32H563VIT3Q, STM32H563VIT6, STM32H563ZGT6, STM32H563ZIT3Q, STM32H563ZIT6, STM32H573AII3Q, STM32H573AII6, STM32H573I-DK, STM32H573IIK3Q, STM32H573IIK6, STM32H573IIT3Q, STM32H573IIT6, STM32H573MIY3QTR, STM32H573RIT6, STM32H573RIV6, STM32H573VIT3Q, STM32H573VIT6, STM32H573ZIT3Q, STM32H573ZIT6, STM32H7R3A8I6, STM32H7R3I8K6, STM32H7R3I8T6, STM32H7R3L8H6, STM32H7R3L8H6H, STM32H7R3R8V6, STM32H7R3V8H6, STM32H7R3V8T6, STM32H7R3V8Y6, STM32H7R3Z8J6, STM32H7R3Z8T6, STM32H7R7A8I6, STM32H7R7I8K6, STM32H7R7I8T6, STM32H7R7L8H6, STM32H7R7L8H6H, STM32H7R7Z8J6, STM32H7S3A8I6, STM32H7S3I8K6, STM32H7S3I8T6, STM32H7S3L8H6, STM32H7S3L8H6H, STM32H7S3R8V6, STM32H7S3V8H6, STM32H7S3V8T6, STM32H7S3V8Y6, STM32H7S3Z8J6, STM32H7S3Z8T6, STM32H7S78-DK, STM32H7S7A8I6, STM32H7S7I8K6, STM32H7S7I8T6, STM32H7S7L8H6, STM32H7S7L8H6H, STM32H7S7Z8J6, STM32L4R5QGI6STR, STM32MP131AAE3, STM32MP131AAF3, STM32MP131AAG3, STM32MP131CAE3, STM32MP131CAF3, STM32MP131CAG3, STM32MP131DAE7, STM32MP131DAF7, STM32MP131DAG7, STM32MP131FAE7, STM32MP131FAF7, STM32MP131FAG7, STM32MP133AAE3, STM32MP133AAF3, STM32MP133AAG3, STM32MP133CAE3, STM32MP133CAF3, STM32MP133CAG3, STM32MP133DAE7, STM32MP133DAF7, STM32MP133DAG7, STM32MP133FAE7, STM32MP133FAF7, STM32MP133FAG7, STM32MP135AAE3, STM32MP135AAF3, STM32MP135AAG3, STM32MP135CAE3, STM32MP135CAF3, STM32MP135CAG3, STM32MP135DAE7, STM32MP135DAF7, STM32MP135DAG7, STM32MP135F-DK, STM32MP135FAE7, STM32MP135FAF7, STM32MP135FAF7T, STM32MP135FAF7U, STM32MP135FAG7, STM32U031C6T6, STM32U031C6U6, STM32U031C8T6, STM32U031C8U6, STM32U031F4P6, STM32U031F6P6, STM32U031F8P6, STM32U031G6Y6TR, STM32U031G8Y6TR, STM32U031K4U6, STM32U031K6U6, STM32U031K8U6, STM32U031R6I6, STM32U031R6T6, STM32U031R8I6, STM32U031R8T6, STM32U073C8T6, STM32U073C8U6, STM32U073CBT6, STM32U073CBU6, STM32U073CCT6, STM32U073CCU6, STM32U073H8Y6TR, STM32U073HBY6TR, STM32U073HCY6TR, STM32U073K8U6, STM32U073KBU6, STM32U073KCU6, STM32U073M8I6, STM32U073M8T6, STM32U073MBI6, STM32U073MBT6, STM32U073MCI6, STM32U073MCT6, STM32U073R8I6, STM32U073R8T6, STM32U073RBI6, STM32U073RBT6, STM32U073RCI6, STM32U073RCT6, STM32U083C-DK, STM32U083CCT6, STM32U083CCU6, STM32U083HCY6TR, STM32U083KCU6, STM32U083MCI6, STM32U083MCT6, STM32U083RCI6, STM32U083RCT6, STM32U535CBT6, STM32U535CBT6Q, STM32U535CBU6, STM32U535CBU6Q, STM32U535CCT6, STM32U535CCT6Q, STM32U535CCU6, STM32U535CCU6Q, STM32U535CET6, STM32U535CET6Q, STM32U535CEU6, STM32U535CEU6Q, STM32U535JEY6QTR, STM32U535NCY6QTR, STM32U535NEY6QTR, STM32U535RBI6, STM32U535RBI6Q, STM32U535RBT6, STM32U535RBT6Q, STM32U535RCI6, STM32U535RCI6Q, STM32U535RCT6, STM32U535RCT6Q, STM32U535REI6, STM32U535REI6Q, STM32U535RET6, STM32U535RET6Q, STM32U535VCI6, STM32U535VCI6Q, STM32U535VCT6, STM32U535VCT6Q, STM32U535VEI6, STM32U535VEI6Q, STM32U535VET6, STM32U535VET6Q, STM32U545CET6, STM32U545CET6Q, STM32U545CEU6, STM32U545CEU6Q, STM32U545JEY6QTR, STM32U545NEY6QTR, STM32U545REI6, STM32U545REI6Q, STM32U545RET6, STM32U545RET6Q, STM32U545VEI6, STM32U545VEI6Q, STM32U545VET6, STM32U545VET6Q, STM32U595AIH6, STM32U595AIH6Q, STM32U595AJH6, STM32U595AJH6Q, STM32U595QII6, STM32U595QII6Q, STM32U595QJI6, STM32U595QJI6Q, STM32U595RIT6, STM32U595RIT6Q, STM32U595RJT6, STM32U595RJT6Q, STM32U595VIT6, STM32U595VIT6Q, STM32U595VJT6, STM32U595VJT6Q, STM32U595ZIT6, STM32U595ZIT6Q, STM32U595ZIY6QTR, STM32U595ZJT6, STM32U595ZJT6Q, STM32U595ZJY6QTR, STM32U599BJY6QTR, STM32U599NIH6Q, STM32U599NJH6Q, STM32U599VIT6Q, STM32U599VJT6, STM32U599VJT6Q, STM32U599ZIT6Q, STM32U599ZIY6QTR, STM32U599ZJT6Q, STM32U599ZJY6QTR, STM32U5A5AJH6, STM32U5A5AJH6Q, STM32U5A5QII3Q , STM32U5A5QJI6, STM32U5A5QJI6Q, STM32U5A5RJT6, STM32U5A5RJT6Q, STM32U5A5VJT6, STM32U5A5VJT6Q, STM32U5A5ZJT6, STM32U5A5ZJT6Q, STM32U5A5ZJY6QTR, STM32U5A9BJY6QTR, STM32U5A9J-DK, STM32U5A9NJH6Q, STM32U5A9VJT6Q, STM32U5A9ZJT6Q, STM32U5A9ZJY6QTR, STM32U5F7VIT6, STM32U5F7VIT6Q, STM32U5F7VJT6, STM32U5F7VJT6Q, STM32U5F9BJY6QTR, STM32U5F9NJH6Q, STM32U5F9VIT6Q, STM32U5F9VJT6Q, STM32U5F9ZIJ6QTR, STM32U5F9ZIT6Q, STM32U5F9ZJJ6QTR, STM32U5F9ZJT6Q, STM32U5G7VJT6, STM32U5G7VJT6Q, STM32U5G9BJY6QTR, STM32U5G9J-DK1, STM32U5G9J-DK2, STM32U5G9NJH6Q, STM32U5G9VJT6Q, STM32U5G9ZJJ6QTR, STM32U5G9ZJT6Q, STM32WB1MMCH6, STM32WBA50KEU6, STM32WBA50KEU6TR, STM32WBA50KGU6, STM32WBA50KGU6TR, STM32WBA52CEU6, STM32WBA52CEU6TR, STM32WBA52CEU7, STM32WBA52CEU7TR, STM32WBA52CGU6, STM32WBA52CGU6TR, STM32WBA52CGU6U, STM32WBA52CGU7, STM32WBA52CGU7TR, STM32WBA52KEU6, STM32WBA52KEU6TR, STM32WBA52KGU6, STM32WBA52KGU6TR, STM32WBA54CEU6, STM32WBA54CEU6TR, STM32WBA54CEU7, STM32WBA54CEU7TR, STM32WBA54CGU6, STM32WBA54CGU6TR, STM32WBA54CGU7, STM32WBA54CGU7TR, STM32WBA54KEU6, STM32WBA54KEU6TR, STM32WBA54KEU7, STM32WBA54KEU7TR, STM32WBA54KGU6, STM32WBA54KGU6TR, STM32WBA54KGU7, STM32WBA54KGU7TR, STM32WBA55CEU6, STM32WBA55CEU6TR, STM32WBA55CEU7, STM32WBA55CEU7TR, STM32WBA55CGU6, STM32WBA55CGU6TR, STM32WBA55CGU6U, STM32WBA55CGU7, STM32WBA55CGU7TR, STM32WBA55G-DK1, STM32WBA55HEF6, STM32WBA55HEF7, STM32WBA55HGF6, STM32WBA55HGF7, STM32WBA55UEI6, STM32WBA55UEI6TR, STM32WBA55UEI7, STM32WBA55UEI7TR, STM32WBA55UGI6, STM32WBA55UGI6TR, STM32WBA55UGI7, STM32WBA55UGI7TR, STM32WL5MOCH6, STM32WL5MOCH6TR]
2024-05-09 00:03:30,914 [INFO] DbMcus:218 - Found 4096 MCUs, 4096 are supported
2024-05-09 00:03:30,917 [INFO] ApiDb:423 - Load user favorites file /Users/yuksehyun/.stm32cubeide/favorites.mcus.txt: 1 item(s)
2024-05-09 00:03:30,918 [INFO] ApiDb:427 - User favorites MCUs=[STM32F103R8T6]
2024-05-09 00:03:30,918 [INFO] DbMcus:224 - Set 1 / 1 favorites MCUs
2024-05-09 00:03:31,131 [INFO] ApiDb:423 - Load user favorites file /Users/yuksehyun/.stm32cubeide/favorites.boards.txt: 0 item(s)
2024-05-09 00:03:31,134 [INFO] ApiDb:427 - User favorites Boards=[]
2024-05-09 00:03:31,138 [INFO] DbBoards:198 - Set 0 / 0 favorites Boards
2024-05-09 00:03:31,224 [INFO] UtilMem:75 - End LoadConfig() Used Memory: 760495312 Bytes (982515712)
2024-05-09 00:03:31,385 [WARN] ThirdParty:833 - waiting for thirdparty lock release [change project]
2024-05-09 00:03:31,387 [INFO] ThirdParty:835 - entering critical section [change project]
2024-05-09 00:03:31,387 [INFO] ThirdParty:1030 - CMSIS Pack Vendor :STMicroelectronics USBPD 4.1
2024-05-09 00:03:31,388 [INFO] ThirdParty:1030 - CMSIS Pack Vendor :STMicroelectronics X-CUBE-GNSS1 6.0.0
2024-05-09 00:03:31,388 [INFO] ThirdParty:1030 - CMSIS Pack Vendor :STMicroelectronics USB_HOST 2.0.0
2024-05-09 00:03:31,388 [INFO] ThirdParty:1030 - CMSIS Pack Vendor :STMicroelectronics FP-SNS-MOTENVWB1 1.4.0
2024-05-09 00:03:31,388 [INFO] ThirdParty:1030 - CMSIS Pack Vendor :STMicroelectronics X-CUBE-AZRTOS-F4 1.1.0
2024-05-09 00:03:31,388 [INFO] ThirdParty:1030 - CMSIS Pack Vendor :STMicroelectronics LIBJPEG 8.0.0
2024-05-09 00:03:31,388 [INFO] ThirdParty:1030 - CMSIS Pack Vendor :STMicroelectronics X-CUBE-SMBUS 2.1.0
2024-05-09 00:03:31,388 [INFO] ThirdParty:1030 - CMSIS Pack Vendor :STMicroelectronics USB_DEVICE 3.0.0
2024-05-09 00:03:31,388 [INFO] ThirdParty:1030 - CMSIS Pack Vendor :STMicroelectronics X-CUBE-TCPP 4.1.0
2024-05-09 00:03:31,388 [INFO] ThirdParty:1030 - CMSIS Pack Vendor :STMicroelectronics X-CUBE-FREERTOS 1.2.0
2024-05-09 00:03:31,388 [INFO] ThirdParty:1030 - CMSIS Pack Vendor :STMicroelectronics X-CUBE-AZRTOS-WB 2.0.0
2024-05-09 00:03:31,388 [INFO] ThirdParty:1030 - CMSIS Pack Vendor :STMicroelectronics X-CUBE-TOUCHGFX 4.23.2
2024-05-09 00:03:31,388 [INFO] ThirdParty:1030 - CMSIS Pack Vendor :STMicroelectronics X-CUBE-AZRTOS-F7 1.1.0
2024-05-09 00:03:31,388 [INFO] ThirdParty:1030 - CMSIS Pack Vendor :STMicroelectronics X-CUBE-AZRTOS-L5 2.0.0
2024-05-09 00:03:31,388 [INFO] ThirdParty:1030 - CMSIS Pack Vendor :STMicroelectronics USB_DEVICE 2.0.0
2024-05-09 00:03:31,388 [INFO] ThirdParty:1030 - CMSIS Pack Vendor :STMicroelectronics X-CUBE-NFC6 3.1.0
2024-05-09 00:03:31,388 [INFO] ThirdParty:1030 - CMSIS Pack Vendor :STMicroelectronics X-CUBE-ALGOBUILD 1.3.0
2024-05-09 00:03:31,388 [INFO] ThirdParty:1030 - CMSIS Pack Vendor :STMicroelectronics FreeRTOS 0.0.1
2024-05-09 00:03:31,388 [INFO] ThirdParty:1030 - CMSIS Pack Vendor :STMicroelectronics X-CUBE-AZRTOS-G0 1.1.0
2024-05-09 00:03:31,388 [INFO] ThirdParty:1030 - CMSIS Pack Vendor :STMicroelectronics X-CUBE-SAFEA1 1.2.2
2024-05-09 00:03:31,388 [INFO] ThirdParty:1030 - CMSIS Pack Vendor :STMicroelectronics X-CUBE-NFC4 3.0.0
2024-05-09 00:03:31,388 [INFO] ThirdParty:1030 - CMSIS Pack Vendor :STMicroelectronics X-CUBE-SUBG2 5.0.0
2024-05-09 00:03:31,388 [INFO] ThirdParty:1030 - CMSIS Pack Vendor :STMicroelectronics STM32_WPAN 1.0.0
2024-05-09 00:03:31,388 [INFO] ThirdParty:1030 - CMSIS Pack Vendor :STMicroelectronics lwIP 2.0.3
2024-05-09 00:03:31,388 [INFO] ThirdParty:1030 - CMSIS Pack Vendor :STMicroelectronics FP-SNS-FLIGHT1 5.0.2
2024-05-09 00:03:31,389 [INFO] ThirdParty:1030 - CMSIS Pack Vendor :STMicroelectronics USB_HOST 1.0.0
2024-05-09 00:03:31,389 [INFO] ThirdParty:1030 - CMSIS Pack Vendor :STMicroelectronics X-CUBE-AI 9.0.0
2024-05-09 00:03:31,389 [INFO] ThirdParty:1030 - CMSIS Pack Vendor :STMicroelectronics X-CUBE-AZRTOS-G4 2.0.0
2024-05-09 00:03:31,389 [INFO] ThirdParty:1030 - CMSIS Pack Vendor :STMicroelectronics PDM2PCM 3.1.0
2024-05-09 00:03:31,389 [INFO] ThirdParty:1030 - CMSIS Pack Vendor :STMicroelectronics PDM2PCM 3.3.0
2024-05-09 00:03:31,389 [INFO] ThirdParty:1030 - CMSIS Pack Vendor :STMicroelectronics X-CUBE-DISPLAY 3.0.0
2024-05-09 00:03:31,389 [INFO] ThirdParty:1030 - CMSIS Pack Vendor :wolfSSL I-CUBE-wolfSSL 5.7.0
2024-05-09 00:03:31,389 [INFO] ThirdParty:1030 - CMSIS Pack Vendor :STMicroelectronics X-CUBE-BLE1 7.0.0
2024-05-09 00:03:31,389 [INFO] ThirdParty:1030 - CMSIS Pack Vendor :STMicroelectronics FP-ATR-SIGFOX1 3.2.0
2024-05-09 00:03:31,389 [INFO] ThirdParty:1030 - CMSIS Pack Vendor :STMicroelectronics X-CUBE-ISPU 2.0.0
2024-05-09 00:03:31,389 [INFO] ThirdParty:1030 - CMSIS Pack Vendor :STMicroelectronics X-CUBE-EEPRMA1 5.1.0
2024-05-09 00:03:31,389 [INFO] ThirdParty:1030 - CMSIS Pack Vendor :STMicroelectronics HAL Drivers 0.0.0
2024-05-09 00:03:31,389 [INFO] ThirdParty:1030 - CMSIS Pack Vendor :STMicroelectronics MBEDTLS 2.16.2
2024-05-09 00:03:31,389 [INFO] ThirdParty:1030 - CMSIS Pack Vendor :emotas I-CUBE-CANOPEN 1.3.0
2024-05-09 00:03:31,389 [INFO] ThirdParty:1030 - CMSIS Pack Vendor :STMicroelectronics X-CUBE-MEMS1 10.0.0
2024-05-09 00:03:31,389 [INFO] ThirdParty:1030 - CMSIS Pack Vendor :STMicroelectronics X-CUBE-NFC7 1.0.1
2024-05-09 00:03:31,389 [INFO] ThirdParty:1030 - CMSIS Pack Vendor :STMicroelectronics MBEDTLS 2.14.1
2024-05-09 00:03:31,389 [INFO] ThirdParty:1030 - CMSIS Pack Vendor :ITTIA_DB I-CUBE-ITTIADB 8.9.0
2024-05-09 00:03:31,389 [INFO] ThirdParty:1030 - CMSIS Pack Vendor :portGmbH I-Cube-SoM-uGOAL 1.1.0
2024-05-09 00:03:31,389 [INFO] ThirdParty:1030 - CMSIS Pack Vendor :STMicroelectronics X-CUBE-ALS 1.0.1
2024-05-09 00:03:31,389 [INFO] ThirdParty:1030 - CMSIS Pack Vendor :STMicroelectronics X-CUBE-BLEMGR 3.1.0
2024-05-09 00:03:31,389 [INFO] ThirdParty:1030 - CMSIS Pack Vendor :STMicroelectronics ThreadX 1.0.0
2024-05-09 00:03:31,389 [INFO] ThirdParty:1030 - CMSIS Pack Vendor :STMicroelectronics FP-SNS-SMARTAG2 1.2.0
2024-05-09 00:03:31,389 [INFO] ThirdParty:1030 - CMSIS Pack Vendor :STMicroelectronics X-CUBE-AZRTOS-WL 2.0.0
2024-05-09 00:03:31,389 [INFO] ThirdParty:1030 - CMSIS Pack Vendor :SEGGER I-CUBE-embOS 1.3.1
2024-05-09 00:03:31,389 [INFO] ThirdParty:1030 - CMSIS Pack Vendor :STMicroelectronics X-CUBE-ALGOBUILD 1.4.0
2024-05-09 00:03:31,389 [INFO] ThirdParty:1030 - CMSIS Pack Vendor :STMicroelectronics FP-SNS-MOTENV1 5.0.0
2024-05-09 00:03:31,389 [INFO] ThirdParty:1030 - CMSIS Pack Vendor :STMicroelectronics USB_DEVICE 1.0.0
2024-05-09 00:03:31,389 [INFO] ThirdParty:1030 - CMSIS Pack Vendor :STMicroelectronics X-CUBE-AZRTOS-H7RS 1.0.0
2024-05-09 00:03:31,389 [INFO] ThirdParty:1030 - CMSIS Pack Vendor :STMicroelectronics X-CUBE-AZRTOS-L4 2.0.0
2024-05-09 00:03:31,389 [INFO] ThirdParty:1030 - CMSIS Pack Vendor :STMicroelectronics ThreadX 0.0.2
2024-05-09 00:03:31,389 [INFO] ThirdParty:1030 - CMSIS Pack Vendor :WES I-CUBE-Cesium 1.3.0
2024-05-09 00:03:31,389 [INFO] ThirdParty:1030 - CMSIS Pack Vendor :STMicroelectronics FP-ATR-ASTRA1 2.0.0
2024-05-09 00:03:31,389 [INFO] ThirdParty:1030 - CMSIS Pack Vendor :STMicroelectronics lwIP 2.1.2
2024-05-09 00:03:31,389 [INFO] ThirdParty:1030 - CMSIS Pack Vendor :STMicroelectronics X-CUBE-SFXS2LP1 4.0.0
2024-05-09 00:03:31,389 [INFO] ThirdParty:1030 - CMSIS Pack Vendor :STMicroelectronics X-CUBE-BLE2 3.3.0
2024-05-09 00:03:31,389 [INFO] ThirdParty:1030 - CMSIS Pack Vendor :STMicroelectronics X-CUBE-TOF1 3.4.1
2024-05-09 00:03:31,390 [INFO] ThirdParty:1030 - CMSIS Pack Vendor :STMicroelectronics X-CUBE-AZRTOS-H7 3.2.0
2024-05-09 00:03:31,391 [INFO] ThirdParty:1030 - CMSIS Pack Vendor :Infineon AIROC-Wi-Fi-Bluetooth-STM32 1.6.0
2024-05-09 00:03:31,391 [INFO] ThirdParty:1030 - CMSIS Pack Vendor :STMicroelectronics PDM2PCM 3.2.0
2024-05-09 00:03:31,393 [INFO] ThirdParty:841 - exiting critical section [change project]
2024-05-09 00:03:31,946 [INFO] PinOutPanel:1561 - setPackage(No Configuration,No Configuration)
2024-05-09 00:03:31,950 [INFO] PinOutPanel:1561 - setPackage(STM32F103R8Tx,LQFP64)
2024-05-09 00:03:32,886 [INFO] UtilMem:75 - Before build in PCC Used Memory: 671887128 Bytes (996147200)
2024-05-09 00:03:34,140 [INFO] UtilMem:75 - After build in PCC Used Memory: 625546880 Bytes (996147200)
2024-05-09 00:03:34,188 [INFO] IPUIPlugin:80 - create IPUIPlugin
2024-05-09 00:03:34,188 [INFO] IPUIPlugin:80 - create IPUIPlugin
2024-05-09 00:03:34,190 [INFO] IPUIPlugin:80 - create IPUIPlugin
2024-05-09 00:03:34,191 [INFO] IPUIPlugin:80 - create IPUIPlugin
2024-05-09 00:03:34,191 [INFO] IPUIPlugin:80 - create IPUIPlugin
2024-05-09 00:03:34,191 [INFO] IPUIPlugin:80 - create IPUIPlugin
2024-05-09 00:03:34,191 [INFO] IPUIPlugin:80 - create IPUIPlugin
2024-05-09 00:03:34,191 [INFO] IPUIPlugin:80 - create IPUIPlugin
2024-05-09 00:03:34,192 [INFO] IPUIPlugin:80 - create IPUIPlugin
2024-05-09 00:03:34,192 [INFO] IPUIPlugin:80 - create IPUIPlugin
2024-05-09 00:03:34,192 [INFO] IPUIPlugin:80 - create IPUIPlugin
2024-05-09 00:03:34,192 [INFO] IPUIPlugin:80 - create IPUIPlugin
2024-05-09 00:03:34,192 [INFO] IPUIPlugin:80 - create IPUIPlugin
2024-05-09 00:03:34,192 [INFO] IPUIPlugin:80 - create IPUIPlugin
2024-05-09 00:03:34,192 [INFO] IPUIPlugin:80 - create IPUIPlugin
2024-05-09 00:03:34,197 [INFO] IPUIPlugin:80 - create IPUIPlugin
2024-05-09 00:03:34,197 [INFO] IPUIPlugin:80 - create IPUIPlugin
2024-05-09 00:03:34,197 [INFO] IPUIPlugin:80 - create IPUIPlugin
2024-05-09 00:03:34,198 [INFO] IPUIPlugin:80 - create IPUIPlugin
2024-05-09 00:03:34,198 [INFO] IPUIPlugin:80 - create IPUIPlugin
2024-05-09 00:03:34,198 [INFO] IPUIPlugin:80 - create IPUIPlugin
2024-05-09 00:03:34,198 [INFO] IPUIPlugin:80 - create IPUIPlugin
2024-05-09 00:03:34,198 [INFO] IPUIPlugin:80 - create IPUIPlugin
2024-05-09 00:03:34,198 [INFO] IPUIPlugin:80 - create IPUIPlugin
2024-05-09 00:03:34,199 [INFO] IPUIPlugin:80 - create IPUIPlugin
2024-05-09 00:03:34,199 [INFO] IPUIPlugin:80 - create IPUIPlugin
2024-05-09 00:03:34,199 [INFO] IPUIPlugin:80 - create IPUIPlugin
2024-05-09 00:03:34,410 [INFO] CADModel:165 - CPN selected for project levelSTM32F103R8T6
2024-05-09 00:03:34,411 [INFO] CADModel:114 - Register for checkConnection events
2024-05-09 00:03:34,456 [INFO] OpenFileManager:343 - Restore cursor
2024-05-09 00:03:45,637 [INFO] Gpio:277 - dependency for GPIO []
2024-05-09 00:05:11,831 [INFO] Gpio:277 - dependency for GPIO []
2024-05-09 00:05:55,390 [INFO] UtilMem:75 - End SaveConfig() Used Memory: 304406768 Bytes (838860800)
2024-05-09 00:05:56,971 [INFO] UtilMem:75 - End SaveConfig() Used Memory: 322754800 Bytes (838860800)
2024-05-09 00:05:59,408 [INFO] UtilMem:75 - End SaveConfig() Used Memory: 392487152 Bytes (838860800)
2024-05-09 00:06:00,192 [INFO] BlockDiagram:2759 - set Specific Code input for plugin: NVIC
2024-05-09 00:06:00,195 [INFO] BlockDiagram:2759 - set Specific Code input for plugin: SYS
2024-05-09 00:06:00,196 [INFO] BlockDiagram:2759 - set Specific Code input for plugin: GPIO
2024-05-09 00:06:00,196 [INFO] BlockDiagram:2759 - set Specific Code input for plugin: RCC
2024-05-09 00:06:00,198 [INFO] CodeGenerator:807 - code generatio: config db path: /Applications/STM32CubeIDE.app/Contents/Eclipse/plugins/com.st.stm32cube.common.mx_6.11.1.202404110753//db/
2024-05-09 00:06:00,470 [INFO] CodeEngine:255 - oldGeneratedFile, /Users/yuksehyun/STM32CubeIDE/workspace_1.15.1/Led_brink/MXTmpFiles/license.tmp_save
2024-05-09 00:06:01,017 [INFO] CodeEngine:279 - Generated code: /Users/yuksehyun/STM32CubeIDE/workspace_1.15.1/Led_brink/MXTmpFiles/license.tmp
2024-05-09 00:06:01,146 [INFO] CodeEngine:255 - oldGeneratedFile, /Users/yuksehyun/STM32CubeIDE/workspace_1.15.1/Led_brink/MXTmpFiles/gpio.tmp_save
2024-05-09 00:06:01,388 [INFO] CodeEngine:279 - Generated code: /Users/yuksehyun/STM32CubeIDE/workspace_1.15.1/Led_brink/MXTmpFiles/gpio.tmp
2024-05-09 00:06:01,435 [INFO] CodeEngine:255 - oldGeneratedFile, /Users/yuksehyun/STM32CubeIDE/workspace_1.15.1/Led_brink/Core/Src/stm32f1xx_it.c_save
2024-05-09 00:06:01,715 [INFO] CodeEngine:279 - Generated code: /Users/yuksehyun/STM32CubeIDE/workspace_1.15.1/Led_brink/Core/Src/stm32f1xx_it.c
2024-05-09 00:06:01,726 [INFO] CodeEngine:255 - oldGeneratedFile, /Users/yuksehyun/STM32CubeIDE/workspace_1.15.1/Led_brink/Core/Inc/stm32f1xx_it.h_save
2024-05-09 00:06:01,859 [INFO] CodeEngine:279 - Generated code: /Users/yuksehyun/STM32CubeIDE/workspace_1.15.1/Led_brink/Core/Inc/stm32f1xx_it.h
2024-05-09 00:06:01,880 [INFO] CodeEngine:255 - oldGeneratedFile, /Users/yuksehyun/STM32CubeIDE/workspace_1.15.1/Led_brink/Core/Src/stm32f1xx_hal_msp.c_save
2024-05-09 00:06:02,026 [INFO] CodeEngine:279 - Generated code: /Users/yuksehyun/STM32CubeIDE/workspace_1.15.1/Led_brink/Core/Src/stm32f1xx_hal_msp.c
2024-05-09 00:06:02,029 [INFO] CodeEngine:255 - oldGeneratedFile, /Users/yuksehyun/STM32CubeIDE/workspace_1.15.1/Led_brink/MXTmpFiles/system.tmp_save
2024-05-09 00:06:02,119 [INFO] CodeEngine:279 - Generated code: /Users/yuksehyun/STM32CubeIDE/workspace_1.15.1/Led_brink/MXTmpFiles/system.tmp
2024-05-09 00:06:02,123 [INFO] CodeEngine:311 - oldGeneratedFile, /Users/yuksehyun/STM32CubeIDE/workspace_1.15.1/Led_brink/Core/Inc/stm32f1xx_hal_conf.h_save
2024-05-09 00:06:02,205 [INFO] CodeEngine:335 - Generated code: /Users/yuksehyun/STM32CubeIDE/workspace_1.15.1/Led_brink/Core/Inc/stm32f1xx_hal_conf.h
2024-05-09 00:06:02,298 [INFO] CodeEngine:255 - oldGeneratedFile, /Users/yuksehyun/STM32CubeIDE/workspace_1.15.1/Led_brink/Core/Inc/main.h_save
2024-05-09 00:06:02,431 [INFO] CodeEngine:279 - Generated code: /Users/yuksehyun/STM32CubeIDE/workspace_1.15.1/Led_brink/Core/Inc/main.h
2024-05-09 00:06:02,433 [INFO] CodeEngine:255 - oldGeneratedFile, /Users/yuksehyun/STM32CubeIDE/workspace_1.15.1/Led_brink/Core/Src/main.c_save
2024-05-09 00:06:02,720 [INFO] CodeEngine:279 - Generated code: /Users/yuksehyun/STM32CubeIDE/workspace_1.15.1/Led_brink/Core/Src/main.c
2024-05-09 00:06:03,035 [INFO] ProjectBuilder:3163 - Time for Copy HAL[1] : 66mS.
2024-05-09 00:06:03,048 [INFO] ProjectBuilder:4736 - Project Generator version: 4.3.0-B58
2024-05-09 00:06:03,247 [INFO] ConfigFileManager:1503 - The Die is : DIE410
2024-05-09 00:06:03,364 [INFO] ApiDbMcu:508 - Load IP Config File for FATFS
2024-05-09 00:06:03,473 [INFO] ApiDbMcu:508 - Load IP Config File for FREERTOS
2024-05-09 00:06:03,562 [INFO] ApiDbMcu:508 - Load IP Config File for USB_DEVICE
2024-05-09 00:06:06,932 [INFO] ProjectBuilder:5002 - Time for Generating toolchain IDE Files: 3874mS.
2024-05-09 00:06:06,938 [INFO] ProjectBuilder:3034 - Time for Copy CMSIS : 2mS.
2024-05-09 00:06:06,940 [INFO] ProjectBuilder:3034 - Time for Copy CMSIS : 0mS.
